build/outputs/logs/manifest-merger-debug-report.txt
-- Merging decision tree log ---
manifest
ADDED from src\main\AndroidManifest.xml:2:1-64:12
	package
		ADDED from src\main\AndroidManifest.xml:3:5-36
		INJECTED from src\main\AndroidManifest.xml
		INJECTED from src\main\AndroidManifest.xml
	android:versionName
		INJECTED from src\main\AndroidManifest.xml
		INJECTED from src\main\AndroidManifest.xml
	xmlns:android
		ADDED from src\main\AndroidManifest.xml:2:11-69
	android:versionCode
		INJECTED from src\main\AndroidManifest.xml
		INJECTED from src\main\AndroidManifest.xml
uses-permission#android.permission.ACCESS_COARSE_LOCATION
ADDED from src\main\AndroidManifest.xml:7:3-95
	android:name
		ADDED from src\main\AndroidManifest.xml:7:20-76
uses-permission#android.permission.ACCESS_FINE_LOCATION
ADDED from src\main\AndroidManifest.xml:9:3-93
	android:name
		ADDED from src\main\AndroidManifest.xml:9:20-74
uses-permission#android.permission.ACCESS_WIFI_STATE
ADDED from src\main\AndroidManifest.xml:11:3-90
	android:name
		ADDED from src\main\AndroidManifest.xml:11:20-71
uses-permission#android.permission.ACCESS_NETWORK_STATE
ADDED from src\main\AndroidManifest.xml:13:3-93
	android:name
		ADDED from src\main\AndroidManifest.xml:13:20-74
uses-permission#android.permission.CHANGE_WIFI_STATE
ADDED from src\main\AndroidManifest.xml:15:3-90
	android:name
		ADDED from src\main\AndroidManifest.xml:15:20-71
uses-permission#android.permission.READ_PHONE_STATE
ADDED from src\main\AndroidManifest.xml:17:3-89
	android:name
		ADDED from src\main\AndroidManifest.xml:17:20-70
uses-permission#android.permission.WRITE_EXTERNAL_STORAGE
ADDED from src\main\AndroidManifest.xml:19:3-95
	android:name
		ADDED from src\main\AndroidManifest.xml:19:20-76
uses-permission#android.permission.INTERNET
ADDED from src\main\AndroidManifest.xml:21:3-65
	android:name
		ADDED from src\main\AndroidManifest.xml:21:20-62
uses-permission#android.permission.MOUNT_UNMOUNT_FILESYSTEMS
ADDED from src\main\AndroidManifest.xml:23:3-98
	android:name
		ADDED from src\main\AndroidManifest.xml:23:20-79
uses-permission#android.permission.READ_CONTACTS
ADDED from src\main\AndroidManifest.xml:24:3-70
	android:name
		ADDED from src\main\AndroidManifest.xml:24:20-67
uses-permission#android.permission.RECEIVE_SMS
ADDED from src\main\AndroidManifest.xml:25:3-68
	android:name
		ADDED from src\main\AndroidManifest.xml:25:20-65
uses-permission#android.permission.GET_TASKS
ADDED from src\main\AndroidManifest.xml:26:3-66
	android:name
		ADDED from src\main\AndroidManifest.xml:26:20-63
application
ADDED from src\main\AndroidManifest.xml:28:3-62:17
MERGED from [com.android.support:appcompat-v7:20.0.0] AndroidManifest.xml:17:5-19
MERGED from [com.android.support:support-v4:20.0.0] AndroidManifest.xml:17:5-19
MERGED from [:SMSSDK-2.0.2:] AndroidManifest.xml:11:5-12:19
MERGED from [:SMSSDKGUI-2.0.2:] AndroidManifest.xml:11:5-12:19
	android:label
		ADDED from src\main\AndroidManifest.xml:32:7-39
	android:supportsRtl
		ADDED from src\main\AndroidManifest.xml:33:7-33
	android:allowBackup
		ADDED from src\main\AndroidManifest.xml:29:7-33
	android:icon
		ADDED from src\main\AndroidManifest.xml:30:7-36
	android:theme
		ADDED from src\main\AndroidManifest.xml:34:7-38
	android:name
		ADDED from src\main\AndroidManifest.xml:31:7-47
meta-data#com.baidu.lbsapi.API_KEY
ADDED from src\main\AndroidManifest.xml:35:5-37:60
	android:value
		ADDED from src\main\AndroidManifest.xml:37:9-57
	android:name
		ADDED from src\main\AndroidManifest.xml:36:9-48
activity#com.example.jutao.exg.SplashActivity
ADDED from src\main\AndroidManifest.xml:38:5-46:16
	android:label
		ADDED from src\main\AndroidManifest.xml:40:9-41
	android:name
		ADDED from src\main\AndroidManifest.xml:39:9-39
intent-filter#android.intent.action.MAIN+android.intent.category.LAUNCHER
ADDED from src\main\AndroidManifest.xml:42:7-45:23
action#android.intent.action.MAIN
ADDED from src\main\AndroidManifest.xml:43:9-60
	android:name
		ADDED from src\main\AndroidManifest.xml:43:17-58
category#android.intent.category.LAUNCHER
ADDED from src\main\AndroidManifest.xml:44:9-68
	android:name
		ADDED from src\main\AndroidManifest.xml:44:19-66
activity#com.example.jutao.exg.GuideActivity
ADDED from src\main\AndroidManifest.xml:48:5-46
	android:name
		ADDED from src\main\AndroidManifest.xml:48:15-44
activity#com.example.jutao.exg.MainActivity
ADDED from src\main\AndroidManifest.xml:49:5-45
	android:name
		ADDED from src\main\AndroidManifest.xml:49:15-43
activity#com.example.jutao.exg.LoginActivity
ADDED from src\main\AndroidManifest.xml:50:5-46
	android:name
		ADDED from src\main\AndroidManifest.xml:50:15-44
activity#com.example.jutao.exg.RegActivity
ADDED from src\main\AndroidManifest.xml:51:5-44
	android:name
		ADDED from src\main\AndroidManifest.xml:51:15-42
activity#com.mob.tools.MobUIShell
ADDED from src\main\AndroidManifest.xml:52:5-56:65
	android:windowSoftInputMode
		ADDED from src\main\AndroidManifest.xml:56:9-63
	android:configChanges
		ADDED from src\main\AndroidManifest.xml:55:9-70
	android:theme
		ADDED from src\main\AndroidManifest.xml:54:9-68
	android:name
		ADDED from src\main\AndroidManifest.xml:53:9-48
service#com.baidu.location.f
ADDED from src\main\AndroidManifest.xml:57:5-61:15
	android:enabled
		ADDED from src\main\AndroidManifest.xml:59:9-31
	android:process
		ADDED from src\main\AndroidManifest.xml:60:9-34
	android:name
		ADDED from src\main\AndroidManifest.xml:58:9-44
uses-sdk
INJECTED from src\main\AndroidManifest.xml reason: use-sdk injection requested
MERGED from [com.android.support:appcompat-v7:20.0.0] AndroidManifest.xml:16:5-42
MERGED from [com.android.support:support-v4:20.0.0] AndroidManifest.xml:16:5-42
MERGED from [:SMSSDK-2.0.2:] AndroidManifest.xml:7:5-9:41
MERGED from [:SMSSDKGUI-2.0.2:] AndroidManifest.xml:7:5-9:41
	android:targetSdkVersion
		INJECTED from src\main\AndroidManifest.xml
		INJECTED from src\main\AndroidManifest.xml
	android:minSdkVersion
		INJECTED from src\main\AndroidManifest.xml
		INJECTED from src\main\AndroidManifest.xml